- STARTING AT 2023-08-16T21:49:21.942Z
[2023-08-16T21:49:21.942Z] Starting server in DEVELOPMENT mode...
[2023-08-16T21:49:23.531Z] Next app prepared
[2023-08-16T21:49:23.534Z] App ready on port 3000
[2023-08-16T21:49:24.563Z] Received request on /
[2023-08-16T21:49:25.474Z] Received request on /github.svg
[2023-08-16T21:49:25.477Z] Received request on /_next/static/css/app/layout.css?v=1692222565351
[2023-08-16T21:49:25.479Z] Received request on /_next/static/chunks/webpack.js?v=1692222565351
[2023-08-16T21:49:25.480Z] Received request on /_next/static/chunks/main-app.js?v=1692222565351
[2023-08-16T21:49:25.492Z] Received request on /_next/static/media/2aaf0723e720e8b9-s.p.woff2
[2023-08-16T21:49:25.842Z] Received request on /_next/static/chunks/app-pages-internals.js
[2023-08-16T21:49:25.843Z] Received request on /_next/static/chunks/app/layout.js
[2023-08-16T21:49:25.844Z] Received request on /_next/static/chunks/app/page.js
[2023-08-16T21:49:42.449Z] Received request on /search?_rsc=acgkz
[2023-08-16T21:49:43.041Z] Received request on /_next/static/webpack/e3302bdb3b60f363.webpack.hot-update.json
[2023-08-16T21:49:43.052Z] Received request on /_next/static/webpack/app/layout.e3302bdb3b60f363.hot-update.js
[2023-08-16T21:49:43.054Z] Received request on /_next/static/webpack/webpack.e3302bdb3b60f363.hot-update.js
[2023-08-16T21:49:43.365Z] Received request on /search?_rsc=1367u
[2023-08-16T21:49:43.407Z] Received request on /_next/static/css/app/search/layout.css?v=1692222583390
[2023-08-16T21:49:43.409Z] Received request on /_next/static/css/app/search/page.css?v=1692222583390
[2023-08-16T21:49:43.415Z] Received request on /_next/static/chunks/app/search/layout.js
[2023-08-16T21:49:43.416Z] Received request on /_next/static/chunks/app/search/page.js
[2023-08-16T21:49:43.731Z] Received request on /_next/static/media/2aaf0723e720e8b9-s.p.woff2
[2023-08-16T21:49:43.733Z] Received request on /_next/static/media/3478b6abef19b3b3-s.p.woff2
- STARTING AT 2023-08-16T21:50:05.675Z
[2023-08-16T21:50:05.675Z] Starting server in DEVELOPMENT mode...
[2023-08-16T21:50:07.314Z] Next app prepared
[2023-08-16T21:50:07.317Z] App ready on port 3000
[2023-08-16T21:50:07.710Z] Received request on /search
[2023-08-16T21:50:09.122Z] Received request on /github.svg
[2023-08-16T21:50:09.128Z] Received request on /_next/static/css/app/layout.css?v=1692222608900
[2023-08-16T21:50:09.129Z] Received request on /_next/static/css/app/search/layout.css?v=1692222608900
[2023-08-16T21:50:09.130Z] Received request on /_next/static/css/app/search/page.css?v=1692222608900
[2023-08-16T21:50:09.131Z] Received request on /_next/static/chunks/webpack.js?v=1692222608900
[2023-08-16T21:50:09.136Z] Received request on /_next/static/chunks/main-app.js?v=1692222608900
[2023-08-16T21:50:09.160Z] Received request on /_next/static/media/3478b6abef19b3b3-s.p.woff2
[2023-08-16T21:50:09.161Z] Received request on /_next/static/media/2aaf0723e720e8b9-s.p.woff2
[2023-08-16T21:50:09.601Z] Received request on /_next/static/chunks/app-pages-internals.js
[2023-08-16T21:50:09.605Z] Received request on /_next/static/chunks/app/layout.js
[2023-08-16T21:50:09.607Z] Received request on /_next/static/chunks/app/search/layout.js
[2023-08-16T21:50:09.609Z] Received request on /_next/static/chunks/app/search/page.js
- STARTING AT 2023-08-16T21:50:19.436Z
[2023-08-16T21:50:19.436Z] Starting server in DEVELOPMENT mode...
[2023-08-16T21:50:21.083Z] Next app prepared
[2023-08-16T21:50:21.086Z] App ready on port 3000
[2023-08-16T21:50:21.579Z] Received GET request on /search
[2023-08-16T21:50:23.004Z] Received GET request on /github.svg
[2023-08-16T21:50:23.006Z] Received GET request on /_next/static/css/app/layout.css?v=1692222622777
[2023-08-16T21:50:23.008Z] Received GET request on /_next/static/css/app/search/layout.css?v=1692222622777
[2023-08-16T21:50:23.008Z] Received GET request on /_next/static/css/app/search/page.css?v=1692222622777
[2023-08-16T21:50:23.009Z] Received GET request on /_next/static/chunks/webpack.js?v=1692222622777
[2023-08-16T21:50:23.010Z] Received GET request on /_next/static/chunks/main-app.js?v=1692222622777
[2023-08-16T21:50:23.027Z] Received GET request on /_next/static/media/3478b6abef19b3b3-s.p.woff2
[2023-08-16T21:50:23.028Z] Received GET request on /_next/static/media/2aaf0723e720e8b9-s.p.woff2
[2023-08-16T21:50:23.444Z] Received GET request on /_next/static/chunks/app-pages-internals.js
[2023-08-16T21:50:23.445Z] Received GET request on /_next/static/chunks/app/layout.js
[2023-08-16T21:50:23.446Z] Received GET request on /_next/static/chunks/app/search/layout.js
[2023-08-16T21:50:23.447Z] Received GET request on /_next/static/chunks/app/search/page.js
[2023-08-16T21:50:32.497Z] Received POST request on /api/method/signature
[2023-08-16T21:50:36.430Z] Received POST request on /api/method/tests
[2023-08-16T21:50:37.089Z] Received POST request on /api/method/search
[2023-08-16T21:52:22.514Z] Received GET request on /_next/static/webpack/a55274fa66e9afb4.webpack.hot-update.json
[2023-08-16T21:52:22.520Z] Received GET request on /_next/static/webpack/app/search/page.a55274fa66e9afb4.hot-update.js
[2023-08-16T21:52:22.521Z] Received GET request on /_next/static/webpack/webpack.a55274fa66e9afb4.hot-update.js
[2023-08-16T21:52:27.191Z] Received POST request on /api/method/tests
[2023-08-16T21:52:27.680Z] Received POST request on /api/method/search
